This is pdfTeX, Version 3.14159265-2.6-1.40.16 (TeX Live 2015/Debian) (preloaded format=pdflatex 2017.8.29)  11 OCT 2017 21:54
entering extended mode
 restricted \write18 enabled.
 %&-line parsing enabled.
**ListOfAbbreviations.tex
(./ListOfAbbreviations.tex
LaTeX2e <2016/02/01>
Babel <3.9q> and hyphenation patterns for 5 language(s) loaded.
! Undefined control sequence.
l.3 \Large
          {\textbf{LIST OF ABBREVIATIONS}}
The control sequence at the end of the top line
of your error message was never \def'ed. If you have
misspelled it (e.g., `\hobx'), type `I' and the correct
spelling (e.g., `I\hbox'). Otherwise just continue,
and I'll forget about whatever was undefined.


! LaTeX Error: Missing \begin{document}.

See the LaTeX manual or LaTeX Companion for explanation.
Type  H <return>  for immediate help.
 ...                                              
                                                  
l.3 \Large{\textbf{LIST OF ABBREVIATIONS}
                                         }
You're in trouble here.  Try typing  <return>  to proceed.
If that doesn't work, type  X <return>  to quit.


Overfull \hbox (45.66652pt too wide) in paragraph at lines 3--4
[]\OT1/cmr/bx/n/10 LIST
 []


Overfull \hbox (15.87491pt too wide) in paragraph at lines 3--4
\OT1/cmr/bx/n/10 OF
 []


Overfull \hbox (20.70822pt too wide) in paragraph at lines 3--4
\OT1/cmr/bx/n/10 AB-
 []


Overfull \hbox (28.19429pt too wide) in paragraph at lines 3--4
\OT1/cmr/bx/n/10 BRE-
 []


Overfull \hbox (16.8888pt too wide) in paragraph at lines 3--4
\OT1/cmr/bx/n/10 VI-
 []


Overfull \hbox (12.52771pt too wide) in paragraph at lines 3--4
\OT1/cmr/bx/n/10 A-
 []


Overfull \hbox (36.38869pt too wide) in paragraph at lines 3--4
\OT1/cmr/bx/n/10 TIONS 
 []


! LaTeX Error: Missing \begin{document}.

See the LaTeX manual or LaTeX Companion for explanation.
Type  H <return>  for immediate help.
 ...                                              
                                                  
l.5 \begin{tabular}
                   { p{5cm} l}
You're in trouble here.  Try typing  <return>  to proceed.
If that doesn't work, type  X <return>  to quit.

LaTeX Font Info:    External font `cmex10' loaded for size
(Font)              <7> on input line 5.
LaTeX Font Info:    External font `cmex10' loaded for size
(Font)              <5> on input line 5.
Missing character: There is no l in font nullfont!
Missing character: There is no i in font nullfont!
Missing character: There is no g in font nullfont!
Missing character: There is no h in font nullfont!
Missing character: There is no t in font nullfont!
Missing character: There is no e in font nullfont!
Missing character: There is no m in font nullfont!
Missing character: There is no i in font nullfont!
Missing character: There is no t in font nullfont!
Missing character: There is no t in font nullfont!
Missing character: There is no i in font nullfont!
Missing character: There is no n in font nullfont!
Missing character: There is no g in font nullfont!
Missing character: There is no d in font nullfont!
Missing character: There is no i in font nullfont!
Missing character: There is no o in font nullfont!
Missing character: There is no d in font nullfont!
Missing character: There is no e in font nullfont!
)
! Emergency stop.
<*> ListOfAbbreviations.tex
                           
*** (job aborted, no legal \end found)

 
Here is how much of TeX's memory you used:
 10 strings out of 494910
 235 string characters out of 6179836
 45418 words of memory out of 5000000
 3401 multiletter control sequences out of 15000+600000
 3948 words of font info for 15 fonts, out of 8000000 for 9000
 36 hyphenation exceptions out of 8191
 19i,9n,12p,80b,166s stack positions out of 5000i,500n,10000p,200000b,80000s
!  ==> Fatal error occurred, no output PDF file produced!
